14.1.2023, 19:06:20 - INFO - Server is running on port: 3030 
14.1.2023, 19:06:35 - INFO - Server is running on port: 3030 
14.1.2023, 19:06:49 - INFO - Server is running on port: 3030 
14.1.2023, 19:07:49 - INFO - Req was made 
14.1.2023, 19:07:49 - DEBUG - Getting Toys 
14.1.2023, 19:07:49 - INFO - Req was made 
14.1.2023, 19:07:49 - DEBUG - Getting Toys 
14.1.2023, 19:07:49 - INFO - Req was made 
14.1.2023, 19:07:49 - DEBUG - Getting Toys 
14.1.2023, 19:07:49 - INFO - Req was made 
14.1.2023, 19:07:49 - DEBUG - Getting Toys 
14.1.2023, 19:07:59 - INFO - Req was made 
14.1.2023, 19:07:59 - DEBUG - Getting Toys 
14.1.2023, 19:07:59 - INFO - Req was made 
14.1.2023, 19:07:59 - DEBUG - Getting Toys 
14.1.2023, 19:07:59 - INFO - Req was made 
14.1.2023, 19:07:59 - DEBUG - Getting Toys 
14.1.2023, 19:07:59 - DEBUG - Getting Toys 
14.1.2023, 19:07:59 - INFO - Req was made 
14.1.2023, 19:08:08 - INFO - Req was made 
14.1.2023, 19:08:08 - DEBUG - Getting Toys 
14.1.2023, 19:08:16 - INFO - Req was made 
14.1.2023, 19:08:17 - DEBUG - Getting Toys 
14.1.2023, 19:08:17 - INFO - Req was made 
14.1.2023, 19:08:17 - DEBUG - Getting Toys 
14.1.2023, 19:08:17 - INFO - Req was made 
14.1.2023, 19:08:17 - DEBUG - Getting Toys 
14.1.2023, 19:08:17 - INFO - Req was made 
14.1.2023, 19:08:17 - DEBUG - Getting Toys 
14.1.2023, 19:09:30 - INFO - Server is running on port: 3030 
14.1.2023, 19:09:35 - INFO - Req was made 
14.1.2023, 19:09:35 - DEBUG - Getting Toys 
14.1.2023, 19:09:35 - INFO - Req was made 
14.1.2023, 19:09:35 - DEBUG - Getting Toys 
14.1.2023, 19:09:35 - INFO - Req was made 
14.1.2023, 19:09:35 - DEBUG - Getting Toys 
14.1.2023, 19:09:35 - INFO - Req was made 
14.1.2023, 19:09:35 - DEBUG - Getting Toys 
14.1.2023, 19:09:39 - INFO - Req was made 
14.1.2023, 19:09:39 - DEBUG - Getting Toys 
14.1.2023, 19:09:50 - INFO - Req was made 
14.1.2023, 19:09:50 - DEBUG - Getting Toys 
14.1.2023, 19:09:50 - INFO - Req was made 
14.1.2023, 19:09:50 - DEBUG - Getting Toys 
14.1.2023, 19:09:50 - INFO - Req was made 
14.1.2023, 19:09:50 - DEBUG - Getting Toys 
14.1.2023, 19:09:50 - INFO - Req was made 
14.1.2023, 19:09:50 - DEBUG - Getting Toys 
14.1.2023, 19:10:17 - INFO - Server is running on port: 3030 
14.1.2023, 19:10:24 - INFO - Req was made 
14.1.2023, 19:10:24 - DEBUG - Getting Toys 
14.1.2023, 19:10:24 - INFO - Req was made 
14.1.2023, 19:10:24 - DEBUG - Getting Toys 
14.1.2023, 19:10:25 - INFO - Req was made 
14.1.2023, 19:10:25 - DEBUG - Getting Toys 
14.1.2023, 19:10:25 - INFO - Req was made 
14.1.2023, 19:10:25 - DEBUG - Getting Toys 
14.1.2023, 19:11:22 - INFO - Server is running on port: 3030 
14.1.2023, 19:11:24 - INFO - Req was made 
14.1.2023, 19:11:24 - DEBUG - Getting Toys 
14.1.2023, 19:11:24 - INFO - Req was made 
14.1.2023, 19:11:24 - DEBUG - Getting Toys 
14.1.2023, 19:11:25 - INFO - Req was made 
14.1.2023, 19:11:25 - DEBUG - Getting Toys 
14.1.2023, 19:11:25 - INFO - Req was made 
14.1.2023, 19:11:25 - DEBUG - Getting Toys 
14.1.2023, 19:11:33 - INFO - Req was made 
14.1.2023, 19:11:33 - DEBUG - Getting Toys 
14.1.2023, 19:11:36 - INFO - Req was made 
14.1.2023, 19:11:36 - DEBUG - Getting Toys 
14.1.2023, 19:11:36 - INFO - Req was made 
14.1.2023, 19:11:36 - DEBUG - Getting Toys 
14.1.2023, 19:11:36 - INFO - Req was made 
14.1.2023, 19:11:36 - DEBUG - Getting Toys 
14.1.2023, 19:11:36 - INFO - Req was made 
14.1.2023, 19:11:36 - DEBUG - Getting Toys 
14.1.2023, 19:11:44 - INFO - Req was made 
14.1.2023, 19:11:44 - DEBUG - Getting Toys 
14.1.2023, 19:11:47 - INFO - Req was made 
14.1.2023, 19:11:47 - DEBUG - Getting Toys 
14.1.2023, 19:11:47 - INFO - Req was made 
14.1.2023, 19:11:47 - DEBUG - Getting Toys 
14.1.2023, 19:11:48 - INFO - Req was made 
14.1.2023, 19:11:48 - DEBUG - Getting Toys 
14.1.2023, 19:11:48 - INFO - Req was made 
14.1.2023, 19:11:48 - DEBUG - Getting Toys 
14.1.2023, 19:11:50 - INFO - Req was made 
14.1.2023, 19:11:50 - DEBUG - Getting Toys 
14.1.2023, 19:11:56 - INFO - Req was made 
14.1.2023, 19:11:56 - DEBUG - Getting Toys 
14.1.2023, 19:11:59 - INFO - Req was made 
14.1.2023, 19:11:59 - DEBUG - Getting Toys 
14.1.2023, 21:45:28 - INFO - Req was made 
14.1.2023, 21:45:28 - DEBUG - Getting Toys 
15.1.2023, 15:59:21 - INFO - Server is running on port: 3030 
15.1.2023, 16:05:40 - INFO - Server is running on port: 3030 
15.1.2023, 16:05:48 - INFO - Server is running on port: 3030 
15.1.2023, 16:08:28 - INFO - Server is running on port: 3030 
15.1.2023, 16:27:03 - INFO - Server is running on port: 3030 
15.1.2023, 17:00:05 - INFO - Server is running on port: 3030 
15.1.2023, 17:09:17 - DEBUG - auth.service - login with username: shani310 
15.1.2023, 17:09:17 - ERROR - Failed to Login Invalid username or password 
15.1.2023, 17:09:48 - DEBUG - auth.service - login with username: shani310 
15.1.2023, 17:09:48 - ERROR - Failed to Login Invalid username or password 
15.1.2023, 17:10:15 - DEBUG - auth.service - login with username: shani310 
15.1.2023, 17:10:15 - ERROR - Failed to Login Invalid username or password 
15.1.2023, 17:12:09 - INFO - Server is running on port: 3030 
15.1.2023, 17:12:30 - DEBUG - auth.service - login with username: shani310 
15.1.2023, 17:12:30 - ERROR - Failed to Login Invalid username or password 
15.1.2023, 17:15:26 - DEBUG - auth.service - signup with username: shani1234, fullname: shanini 
15.1.2023, 17:15:26 - DEBUG - auth.route - new account created: {"username":"shani1234","password":"$2b$10$tLtxsJTECRHlKUwF.B42euaflJgw3C/BlSpk9zX3RNPMaHKe3KN.u","fullname":"shanini","score":0,"_id":"63c4188e83dc8851f4e36535"} 
15.1.2023, 17:15:26 - DEBUG - auth.service - login with username: shani1234 
15.1.2023, 17:15:26 - INFO - User login:  | {"_id":"63c4188e83dc8851f4e36535","username":"shani1234","fullname":"shanini","score":0} 
15.1.2023, 17:15:41 - DEBUG - auth.service - login with username: shani1234 
15.1.2023, 17:15:41 - INFO - User login:  | {"_id":"63c4188e83dc8851f4e36535","username":"shani1234","fullname":"shanini","score":0} 
15.1.2023, 17:19:53 - INFO - Server is running on port: 3030 
15.1.2023, 17:58:49 - DEBUG - auth.service - signup with username: shani, fullname: shan anco 
15.1.2023, 17:58:49 - DEBUG - auth.route - new account created: {"username":"shani","password":"$2b$10$Il0gpCOF.Qo1fKsNI8y7gePb/VM.Hy0k0zdBVfat3Y.JUhYTR40oC","fullname":"shan anco","score":0,"_id":"63c422b9d9f123816f928de4"} 
15.1.2023, 17:58:49 - DEBUG - auth.service - login with username: shani 
15.1.2023, 17:58:49 - INFO - User login:  | {"_id":"63c422b9d9f123816f928de4","username":"shani","fullname":"shan anco","score":0} 
15.1.2023, 17:59:02 - INFO - Req was made 
15.1.2023, 17:59:02 - DEBUG - Getting Toys 
15.1.2023, 17:59:02 - INFO - Req was made 
15.1.2023, 17:59:02 - DEBUG - Getting Toys 
15.1.2023, 17:59:03 - INFO - Req was made 
15.1.2023, 17:59:03 - DEBUG - Getting Toys 
15.1.2023, 17:59:03 - INFO - Req was made 
15.1.2023, 17:59:03 - DEBUG - Getting Toys 
15.1.2023, 18:24:38 - DEBUG - auth.service - login with username: shani 
15.1.2023, 18:24:38 - INFO - User login:  | {"_id":"63c422b9d9f123816f928de4","username":"shani","fullname":"shan anco","score":0} 
15.1.2023, 18:24:54 - INFO - Req was made 
15.1.2023, 18:24:54 - DEBUG - Getting Toys 
15.1.2023, 18:24:55 - INFO - Req was made 
15.1.2023, 18:24:55 - DEBUG - Getting Toys 
15.1.2023, 18:24:55 - INFO - Req was made 
15.1.2023, 18:24:55 - DEBUG - Getting Toys 
15.1.2023, 18:24:55 - INFO - Req was made 
15.1.2023, 18:24:55 - DEBUG - Getting Toys 
15.1.2023, 18:24:59 - INFO - Req was made 
15.1.2023, 18:24:59 - DEBUG - Getting Toys 
15.1.2023, 18:25:05 - INFO - Req was made 
15.1.2023, 18:25:05 - DEBUG - Getting Toys 
15.1.2023, 18:25:06 - INFO - Req was made 
15.1.2023, 18:25:06 - DEBUG - Getting Toys 
15.1.2023, 18:25:06 - INFO - Req was made 
15.1.2023, 18:25:06 - DEBUG - Getting Toys 
15.1.2023, 18:25:06 - INFO - Req was made 
15.1.2023, 18:25:06 - DEBUG - Getting Toys 
15.1.2023, 18:25:08 - INFO - Req was made 
15.1.2023, 18:25:08 - DEBUG - Getting Toys 
15.1.2023, 18:25:10 - INFO - Req was made 
15.1.2023, 18:25:10 - DEBUG - Getting Toys 
15.1.2023, 18:25:11 - INFO - Req was made 
15.1.2023, 18:25:11 - DEBUG - Getting Toys 
15.1.2023, 18:25:11 - INFO - Req was made 
15.1.2023, 18:25:11 - DEBUG - Getting Toys 
15.1.2023, 18:25:11 - INFO - Req was made 
15.1.2023, 18:25:11 - DEBUG - Getting Toys 
15.1.2023, 18:25:12 - INFO - Req was made 
15.1.2023, 18:25:12 - DEBUG - Getting Toys 
15.1.2023, 19:41:41 - INFO - Server is running on port: 3030 
15.1.2023, 19:41:49 - INFO - Req was made 
15.1.2023, 19:41:49 - DEBUG - Getting Toys 
15.1.2023, 19:41:49 - INFO - Req was made 
15.1.2023, 19:41:49 - DEBUG - Getting Toys 
15.1.2023, 19:41:49 - INFO - Req was made 
15.1.2023, 19:41:49 - DEBUG - Getting Toys 
15.1.2023, 19:41:50 - INFO - Req was made 
15.1.2023, 19:41:50 - DEBUG - Getting Toys 
15.1.2023, 19:41:58 - INFO - Req was made 
15.1.2023, 19:41:58 - DEBUG - Getting Toys 
15.1.2023, 19:41:58 - INFO - Req was made 
15.1.2023, 19:41:58 - DEBUG - Getting Toys 
15.1.2023, 19:41:58 - INFO - Req was made 
15.1.2023, 19:41:58 - DEBUG - Getting Toys 
15.1.2023, 19:41:58 - INFO - Req was made 
15.1.2023, 19:41:58 - DEBUG - Getting Toys 
15.1.2023, 19:42:03 - INFO - Req was made 
15.1.2023, 19:42:03 - DEBUG - Getting Toys 
15.1.2023, 19:42:09 - INFO - Req was made 
15.1.2023, 19:42:09 - DEBUG - Getting Toys 
15.1.2023, 19:42:09 - INFO - Req was made 
15.1.2023, 19:42:09 - DEBUG - Getting Toys 
15.1.2023, 19:42:09 - INFO - Req was made 
15.1.2023, 19:42:09 - DEBUG - Getting Toys 
15.1.2023, 19:42:09 - INFO - Req was made 
15.1.2023, 19:42:09 - DEBUG - Getting Toys 
15.1.2023, 19:42:11 - WARN - shan ancoattempted to perform admin action 
15.1.2023, 19:42:11 - INFO - Req was made 
15.1.2023, 19:42:11 - DEBUG - Getting Toys 
15.1.2023, 19:42:38 - INFO - Server is running on port: 3030 
15.1.2023, 19:42:39 - INFO - Req was made 
15.1.2023, 19:42:39 - DEBUG - Getting Toys 
15.1.2023, 19:42:39 - INFO - Req was made 
15.1.2023, 19:42:39 - DEBUG - Getting Toys 
15.1.2023, 19:42:40 - INFO - Req was made 
15.1.2023, 19:42:40 - DEBUG - Getting Toys 
15.1.2023, 19:42:40 - INFO - Req was made 
15.1.2023, 19:42:40 - DEBUG - Getting Toys 
15.1.2023, 19:42:42 - INFO - Req was made 
15.1.2023, 19:42:42 - DEBUG - Getting Toys 
15.1.2023, 19:43:05 - INFO - Server is running on port: 3030 
15.1.2023, 19:43:10 - INFO - Server is running on port: 3030 
15.1.2023, 20:01:10 - INFO - Req was made 
15.1.2023, 20:01:10 - DEBUG - Getting Toys 
15.1.2023, 20:01:13 - INFO - Req was made 
15.1.2023, 20:01:13 - DEBUG - Getting Toys 
15.1.2023, 20:01:13 - INFO - Req was made 
15.1.2023, 20:01:13 - DEBUG - Getting Toys 
15.1.2023, 20:01:13 - INFO - Req was made 
15.1.2023, 20:01:13 - DEBUG - Getting Toys 
15.1.2023, 20:01:14 - INFO - Req was made 
15.1.2023, 20:01:14 - DEBUG - Getting Toys 
15.1.2023, 20:01:15 - INFO - Req was made 
15.1.2023, 20:01:15 - DEBUG - Getting Toys 
15.1.2023, 20:01:24 - INFO - Req was made 
15.1.2023, 20:01:24 - DEBUG - Getting Toys 
15.1.2023, 20:01:27 - INFO - Req was made 
15.1.2023, 20:01:27 - DEBUG - Getting Toys 
15.1.2023, 20:01:27 - INFO - Req was made 
15.1.2023, 20:01:27 - DEBUG - Getting Toys 
15.1.2023, 20:01:28 - INFO - Req was made 
15.1.2023, 20:01:28 - DEBUG - Getting Toys 
15.1.2023, 20:01:28 - INFO - Req was made 
15.1.2023, 20:01:28 - DEBUG - Getting Toys 
15.1.2023, 20:01:35 - INFO - Req was made 
15.1.2023, 20:01:35 - DEBUG - Getting Toys 
15.1.2023, 20:01:37 - INFO - Req was made 
15.1.2023, 20:01:37 - DEBUG - Getting Toys 
15.1.2023, 20:01:38 - INFO - Req was made 
15.1.2023, 20:01:38 - DEBUG - Getting Toys 
15.1.2023, 20:01:38 - INFO - Req was made 
15.1.2023, 20:01:38 - DEBUG - Getting Toys 
15.1.2023, 20:01:38 - INFO - Req was made 
15.1.2023, 20:01:38 - DEBUG - Getting Toys 
15.1.2023, 20:06:31 - INFO - Req was made 
15.1.2023, 20:06:31 - DEBUG - Getting Toys 
15.1.2023, 20:06:31 - INFO - Req was made 
15.1.2023, 20:06:31 - DEBUG - Getting Toys 
15.1.2023, 20:06:32 - INFO - Req was made 
15.1.2023, 20:06:32 - DEBUG - Getting Toys 
15.1.2023, 20:06:32 - INFO - Req was made 
15.1.2023, 20:06:32 - DEBUG - Getting Toys 
15.1.2023, 20:06:34 - INFO - Req was made 
15.1.2023, 20:06:34 - DEBUG - Getting Toys 
15.1.2023, 20:06:39 - INFO - Req was made 
15.1.2023, 20:06:39 - DEBUG - Getting Toys 
15.1.2023, 20:06:39 - INFO - Req was made 
15.1.2023, 20:06:39 - DEBUG - Getting Toys 
15.1.2023, 20:06:39 - INFO - Req was made 
15.1.2023, 20:06:39 - DEBUG - Getting Toys 
15.1.2023, 20:06:40 - INFO - Req was made 
15.1.2023, 20:06:40 - DEBUG - Getting Toys 
15.1.2023, 20:06:44 - INFO - Req was made 
15.1.2023, 20:06:44 - DEBUG - Getting Toys 
15.1.2023, 20:07:57 - INFO - Req was made 
15.1.2023, 20:07:57 - DEBUG - Getting Toys 
15.1.2023, 20:07:57 - INFO - Req was made 
15.1.2023, 20:07:57 - DEBUG - Getting Toys 
15.1.2023, 20:07:58 - INFO - Req was made 
15.1.2023, 20:07:58 - DEBUG - Getting Toys 
15.1.2023, 20:07:58 - INFO - Req was made 
15.1.2023, 20:07:58 - DEBUG - Getting Toys 
15.1.2023, 20:07:59 - INFO - Req was made 
15.1.2023, 20:07:59 - DEBUG - Getting Toys 
15.1.2023, 20:08:00 - INFO - Req was made 
15.1.2023, 20:08:00 - DEBUG - Getting Toys 
15.1.2023, 20:08:00 - INFO - Req was made 
15.1.2023, 20:08:00 - DEBUG - Getting Toys 
15.1.2023, 20:08:01 - INFO - Req was made 
15.1.2023, 20:08:01 - DEBUG - Getting Toys 
15.1.2023, 20:08:01 - INFO - Req was made 
15.1.2023, 20:08:01 - DEBUG - Getting Toys 
15.1.2023, 20:08:02 - INFO - Req was made 
15.1.2023, 20:08:02 - DEBUG - Getting Toys 
15.1.2023, 20:08:32 - INFO - Req was made 
15.1.2023, 20:08:32 - DEBUG - Getting Toys 
15.1.2023, 20:08:33 - INFO - Req was made 
15.1.2023, 20:08:33 - DEBUG - Getting Toys 
15.1.2023, 20:08:33 - INFO - Req was made 
15.1.2023, 20:08:33 - DEBUG - Getting Toys 
15.1.2023, 20:08:33 - INFO - Req was made 
15.1.2023, 20:08:33 - DEBUG - Getting Toys 
15.1.2023, 20:10:28 - INFO - Req was made 
15.1.2023, 20:10:28 - DEBUG - Getting Toys 
15.1.2023, 20:10:29 - INFO - Req was made 
15.1.2023, 20:10:29 - DEBUG - Getting Toys 
15.1.2023, 20:10:29 - INFO - Req was made 
15.1.2023, 20:10:29 - DEBUG - Getting Toys 
15.1.2023, 20:10:30 - INFO - Req was made 
15.1.2023, 20:10:30 - DEBUG - Getting Toys 
15.1.2023, 20:10:30 - INFO - Req was made 
15.1.2023, 20:10:30 - DEBUG - Getting Toys 
15.1.2023, 20:10:33 - INFO - Req was made 
15.1.2023, 20:10:33 - DEBUG - Getting Toys 
15.1.2023, 20:10:33 - INFO - Req was made 
15.1.2023, 20:10:33 - DEBUG - Getting Toys 
15.1.2023, 20:10:33 - INFO - Req was made 
15.1.2023, 20:10:33 - DEBUG - Getting Toys 
15.1.2023, 20:10:33 - INFO - Req was made 
15.1.2023, 20:10:33 - DEBUG - Getting Toys 
15.1.2023, 20:10:37 - INFO - Req was made 
15.1.2023, 20:10:37 - DEBUG - Getting Toys 
15.1.2023, 20:14:40 - INFO - Req was made 
15.1.2023, 20:14:40 - DEBUG - Getting Toys 
15.1.2023, 20:14:43 - INFO - Req was made 
15.1.2023, 20:14:43 - DEBUG - Getting Toys 
15.1.2023, 20:14:44 - INFO - Req was made 
15.1.2023, 20:14:44 - DEBUG - Getting Toys 
15.1.2023, 20:14:44 - INFO - Req was made 
15.1.2023, 20:14:44 - DEBUG - Getting Toys 
15.1.2023, 20:14:44 - INFO - Req was made 
15.1.2023, 20:14:44 - DEBUG - Getting Toys 
15.1.2023, 20:14:45 - INFO - Req was made 
15.1.2023, 20:14:45 - DEBUG - Getting Toys 
15.1.2023, 20:14:48 - INFO - Req was made 
15.1.2023, 20:14:48 - DEBUG - Getting Toys 
15.1.2023, 20:14:48 - INFO - Req was made 
15.1.2023, 20:14:48 - DEBUG - Getting Toys 
15.1.2023, 20:14:48 - INFO - Req was made 
15.1.2023, 20:14:48 - DEBUG - Getting Toys 
15.1.2023, 20:14:49 - INFO - Req was made 
15.1.2023, 20:14:49 - DEBUG - Getting Toys 
15.1.2023, 20:14:55 - INFO - Req was made 
15.1.2023, 20:14:55 - DEBUG - Getting Toys 
15.1.2023, 20:15:02 - INFO - Req was made 
15.1.2023, 20:15:02 - DEBUG - Getting Toys 
15.1.2023, 20:15:05 - INFO - Req was made 
15.1.2023, 20:15:05 - DEBUG - Getting Toys 
15.1.2023, 20:15:05 - INFO - Req was made 
15.1.2023, 20:15:05 - DEBUG - Getting Toys 
15.1.2023, 20:15:05 - INFO - Req was made 
15.1.2023, 20:15:05 - DEBUG - Getting Toys 
15.1.2023, 20:15:06 - INFO - Req was made 
15.1.2023, 20:15:06 - DEBUG - Getting Toys 
15.1.2023, 20:15:09 - INFO - Req was made 
15.1.2023, 20:15:09 - DEBUG - Getting Toys 
15.1.2023, 20:15:18 - INFO - Req was made 
15.1.2023, 20:15:18 - DEBUG - Getting Toys 
15.1.2023, 20:15:23 - INFO - Req was made 
15.1.2023, 20:15:23 - DEBUG - Getting Toys 
15.1.2023, 20:15:23 - INFO - Req was made 
15.1.2023, 20:15:23 - DEBUG - Getting Toys 
15.1.2023, 20:15:23 - INFO - Req was made 
15.1.2023, 20:15:23 - DEBUG - Getting Toys 
15.1.2023, 20:15:24 - INFO - Req was made 
15.1.2023, 20:15:24 - DEBUG - Getting Toys 
15.1.2023, 20:20:35 - INFO - Req was made 
15.1.2023, 20:20:35 - DEBUG - Getting Toys 
15.1.2023, 20:20:43 - INFO - Req was made 
15.1.2023, 20:20:43 - DEBUG - Getting Toys 
15.1.2023, 20:20:43 - INFO - Req was made 
15.1.2023, 20:20:43 - DEBUG - Getting Toys 
15.1.2023, 20:20:44 - INFO - Req was made 
15.1.2023, 20:20:44 - DEBUG - Getting Toys 
15.1.2023, 20:20:44 - INFO - Req was made 
15.1.2023, 20:20:44 - DEBUG - Getting Toys 
15.1.2023, 20:20:46 - INFO - Req was made 
15.1.2023, 20:20:46 - DEBUG - Getting Toys 
15.1.2023, 20:21:15 - INFO - Req was made 
15.1.2023, 20:21:15 - DEBUG - Getting Toys 
15.1.2023, 20:21:19 - INFO - Req was made 
15.1.2023, 20:21:19 - DEBUG - Getting Toys 
15.1.2023, 20:21:19 - INFO - Req was made 
15.1.2023, 20:21:19 - DEBUG - Getting Toys 
15.1.2023, 20:21:20 - INFO - Req was made 
15.1.2023, 20:21:20 - DEBUG - Getting Toys 
15.1.2023, 20:21:20 - INFO - Req was made 
15.1.2023, 20:21:20 - DEBUG - Getting Toys 
15.1.2023, 20:21:22 - INFO - Req was made 
15.1.2023, 20:21:22 - DEBUG - Getting Toys 
15.1.2023, 21:03:48 - INFO - Req was made 
15.1.2023, 21:03:48 - DEBUG - Getting Toys 
15.1.2023, 21:03:48 - INFO - Req was made 
15.1.2023, 21:03:48 - DEBUG - Getting Toys 
15.1.2023, 21:03:49 - INFO - Req was made 
15.1.2023, 21:03:49 - DEBUG - Getting Toys 
15.1.2023, 21:03:49 - INFO - Req was made 
15.1.2023, 21:03:49 - DEBUG - Getting Toys 
15.1.2023, 22:10:44 - INFO - Req was made 
15.1.2023, 22:10:44 - DEBUG - Getting Toys 
15.1.2023, 22:10:48 - INFO - Req was made 
15.1.2023, 22:10:48 - DEBUG - Getting Toys 
15.1.2023, 22:10:48 - INFO - Req was made 
15.1.2023, 22:10:48 - DEBUG - Getting Toys 
15.1.2023, 22:10:49 - INFO - Req was made 
15.1.2023, 22:10:49 - DEBUG - Getting Toys 
15.1.2023, 22:10:49 - INFO - Req was made 
15.1.2023, 22:10:49 - DEBUG - Getting Toys 
15.1.2023, 22:22:58 - DEBUG - auth.service - login with username: shani 
15.1.2023, 22:22:59 - INFO - User login:  | {"_id":"63c422b9d9f123816f928de4","username":"shani","fullname":"shan anco","score":0} 
15.1.2023, 22:24:46 - INFO - Server is running on port: 3030 
15.1.2023, 22:32:49 - DEBUG - auth.service - signup with username: puki, fullname: puki 
15.1.2023, 22:32:49 - DEBUG - auth.route - new account created: {"username":"puki","password":"$2b$10$x8sxsgyQUM9UqyOb/l7vp.5WyCPr/AJppt1eDy3.U0mAtm6ClrIeC","fullname":"puki","score":0,"_id":"63c462f14c37bbca7f49d803"} 
15.1.2023, 22:32:49 - DEBUG - auth.service - login with username: puki 
15.1.2023, 22:32:49 - ERROR - Failed to signup Invalid username or password 
15.1.2023, 22:50:31 - DEBUG - auth.service - signup with username: puki, fullname: puki 
15.1.2023, 22:50:31 - DEBUG - auth.route - new account created: {"username":"puki","password":"$2b$10$EjNpHsHFo.9CLJ39gWJQruFBT4JS2GubRni8luUgIuxdyoaBfNsmW","fullname":"puki","score":0,"_id":"63c467174c37bbca7f49d804"} 
15.1.2023, 22:50:31 - DEBUG - auth.service - login with username: puki 
15.1.2023, 22:50:31 - ERROR - Failed to signup Invalid username or password 
15.1.2023, 22:52:32 - DEBUG - auth.service - signup with username: puki, fullname: puki 
15.1.2023, 22:52:32 - DEBUG - auth.route - new account created: {"username":"puki","password":"$2b$10$xeoMHczczMh1Oyfwl3GyvuFIQmz.tMKgP8aUrU3tnKd01OK9y0be.","fullname":"puki","score":0,"_id":"63c467904c37bbca7f49d805"} 
15.1.2023, 22:52:32 - DEBUG - auth.service - login with username: puki 
15.1.2023, 22:52:32 - ERROR - Failed to signup Invalid username or password 
15.1.2023, 22:53:24 - DEBUG - auth.service - login with username: puki 
15.1.2023, 22:53:24 - ERROR - Failed to Login Invalid username or password 
15.1.2023, 22:53:30 - DEBUG - auth.service - login with username: puki 
15.1.2023, 22:53:30 - ERROR - Failed to Login Invalid username or password 
15.1.2023, 22:53:36 - DEBUG - auth.service - login with username: puki 
15.1.2023, 22:53:36 - ERROR - Failed to Login Invalid username or password 
15.1.2023, 22:55:02 - DEBUG - auth.service - signup with username: puki, fullname: puki 
15.1.2023, 22:55:02 - DEBUG - auth.route - new account created: {"username":"puki","password":"$2b$10$RoEw9.78JIp2fuJqM/uOJe8e9RdIabKkLRtZ0w5vvAzIhtfGH0sWu","fullname":"puki","score":0,"_id":"63c468264c37bbca7f49d806"} 
15.1.2023, 22:55:02 - DEBUG - auth.service - login with username: puki 
15.1.2023, 22:55:02 - ERROR - Failed to signup Invalid username or password 
15.1.2023, 23:02:35 - INFO - Server is running on port: 3030 
15.1.2023, 23:02:57 - DEBUG - auth.service - signup with username: shani310, fullname: puki 
15.1.2023, 23:02:57 - DEBUG - auth.route - new account created: {"username":"shani310","password":"$2b$10$6fkQD/UJPLQUgjNP.IpYG.n7pOiuO1AnJostLLutpHsa71SyO0Zgm","fullname":"puki","score":0,"_id":"63c46a01249a167826ab210c"} 
15.1.2023, 23:02:57 - DEBUG - auth.service - login with username: shani310 
15.1.2023, 23:02:57 - ERROR - Failed to signup Invalid username or password 
15.1.2023, 23:04:01 - INFO - Server is running on port: 3030 
15.1.2023, 23:04:50 - DEBUG - auth.service - signup with username: shani310, fullname: puki 
15.1.2023, 23:04:50 - DEBUG - auth.route - new account created: {"username":"shani310","password":"$2b$10$OwnRV1x7uF87108bfW55R.b6vEy.KzSYC3e/8frmC/e44JPTpVTla","fullname":"puki","score":0,"_id":"63c46a7277a6f74978f21ecf"} 
15.1.2023, 23:04:50 - DEBUG - auth.service - login with username: shani310 
15.1.2023, 23:04:50 - ERROR - Failed to signup Invalid username or password 
15.1.2023, 23:05:59 - DEBUG - auth.service - signup with username: shani31088, fullname: puki 
15.1.2023, 23:06:00 - DEBUG - auth.route - new account created: {"username":"shani31088","password":"$2b$10$eNAxrgV7fSZXdJKeN0fZvOXaUwmit9AMC6Nxn3XE5nsIBfwlJhUUq","fullname":"puki","score":0,"_id":"63c46ab877a6f74978f21ed0"} 
15.1.2023, 23:06:00 - DEBUG - auth.service - login with username: shani31088 
15.1.2023, 23:06:00 - INFO - User login:  | {"_id":"63c46ab877a6f74978f21ed0","username":"shani31088","fullname":"puki","score":0} 
15.1.2023, 23:08:22 - DEBUG - auth.service - signup with username: puki, fullname: gfhfgh 
15.1.2023, 23:08:22 - DEBUG - auth.route - new account created: {"username":"puki","password":"$2b$10$8jdy1ze2v7Dttrr2vI85zeGb9lv1zMbehRI4Y2uEZiT6w8w6b9u8K","fullname":"gfhfgh","score":0,"_id":"63c46b4677a6f74978f21ed1"} 
15.1.2023, 23:08:22 - DEBUG - auth.service - login with username: puki 
15.1.2023, 23:08:22 - ERROR - Failed to signup Invalid username or password 
15.1.2023, 23:08:28 - DEBUG - auth.service - signup with username: puki858, fullname: gfhfgh 
15.1.2023, 23:08:29 - DEBUG - auth.route - new account created: {"username":"puki858","password":"$2b$10$MTpRVVFY610tApa3sdyGYu6hNwfV/nQVCFh/jHVTeQxmFU4f72TX6","fullname":"gfhfgh","score":0,"_id":"63c46b4d77a6f74978f21ed2"} 
15.1.2023, 23:08:29 - DEBUG - auth.service - login with username: puki858 
15.1.2023, 23:08:29 - INFO - User login:  | {"_id":"63c46b4d77a6f74978f21ed2","username":"puki858","fullname":"gfhfgh","score":0} 
15.1.2023, 23:08:57 - DEBUG - auth.service - signup with username: shani1994, fullname: shani an 
15.1.2023, 23:08:57 - DEBUG - auth.route - new account created: {"username":"shani1994","password":"$2b$10$E7ufsTsyfBtGirlwlJfy5OXW6Rwl6UHbbsYcN9Q4RwemNKd8ludLC","fullname":"shani an","score":0,"_id":"63c46b6977a6f74978f21ed3"} 
15.1.2023, 23:08:57 - DEBUG - auth.service - login with username: shani1994 
15.1.2023, 23:08:57 - INFO - User login:  | {"_id":"63c46b6977a6f74978f21ed3","username":"shani1994","fullname":"shani an","score":0} 
15.1.2023, 23:09:06 - DEBUG - auth.service - login with username: shani1994 
15.1.2023, 23:09:06 - INFO - User login:  | {"_id":"63c46b6977a6f74978f21ed3","username":"shani1994","fullname":"shani an","score":0} 
15.1.2023, 23:09:26 - INFO - Req was made 
15.1.2023, 23:12:46 - INFO - Req was made 
